#
# A fatal error has been detected by the Java Runtime Environment:
#
#  EXCEPTION_ACCESS_VIOLATION (0xc0000005) at pc=0x0000000004d3fb0c, pid=5948, tid=0x00000000000008b8
#
# JRE version: Java(TM) SE Runtime Environment (8.0_191-b12) (build 1.8.0_191-b12)
# Java VM: Java HotSpot(TM) 64-Bit Server VM (25.191-b12 mixed mode windows-amd64 compressed oops)
# Problematic frame:
# J 6060 C1 org.apache.ibatis.executor.resultset.ResultSetWrapper.getJdbcType(Ljava/lang/String;)Lorg/apache/ibatis/type/JdbcType; (57 bytes) @ 0x0000000004d3fb0c [0x0000000004d3f820+0x2ec]
#
# Failed to write core dump. Minidumps are not enabled by default on client versions of Windows
#
# If you would like to submit a bug report, please visit:
#   http://bugreport.java.com/bugreport/crash.jsp
#

---------------  T H R E A D  ---------------

Current thread (0x0000000025ea6000):  JavaThread "task-scheduler-8" [_thread_in_Java, id=2232, stack(0x000000002bec0000,0x000000002bfc0000)]

siginfo: ExceptionCode=0xc0000005, writing address 0x000000000000eca9

Registers:
RAX=0x0000000000000000, RBX=0x0000000776b15e78, RCX=0x0000000000000002, RDX=0x000000000000eca9
RSP=0x000000002bfbd240, RBP=0x00000007c0000f28, RSI=0x0000000000000001, RDI=0x00000007c00016d0
R8 =0x000000002ba36118, R9 =0x0000000776b18f00, R10=0x00000000eed62a66, R11=0x000000000000000b
R12=0x0000000000000000, R13=0x0000000776b17fe8, R14=0x0000000000000010, R15=0x0000000025ea6000
RIP=0x0000000004d3fb0c, EFLAGS=0x0000000000010202

Top of Stack: (sp=0x000000002bfbd240)
0x000000002bfbd240:   0000000776b15138 00000008132cd658
0x000000002bfbd250:   0000000776b15e78 0000000776b18eb0
0x000000002bfbd260:   0000000700000000 0000000776b150c0
0x000000002bfbd270:   0000000776b15e78 0000000776b15e78
0x000000002bfbd280:   00000007c0000f28 0000000004f51c18
0x000000002bfbd290:   01d714a994411dad 00000007c04f2428
0x000000002bfbd2a0:   00000007c0007348 00000006c95206a0
0x000000002bfbd2b0:   0000000776b11670 0000000776b150c0
0x000000002bfbd2c0:   0000000776b16b68 0000000776b16d60
0x000000002bfbd2d0:   0000000776b16c50 0000000dffffffff
0x000000002bfbd2e0:   0000000776b16c68 0000000eeed62a1e
0x000000002bfbd2f0:   0000000776b15e78 0000000776b15e78
0x000000002bfbd300:   00000006c941ab18 0000000776b18eb0
0x000000002bfbd310:   0000000778b35170 0000000778b36048
0x000000002bfbd320:   00000006c9419648 0000000000000000
0x000000002bfbd330:   0000000000000018 00000007c05be1a8 

Instructions: (pc=0x0000000004d3fb0c)
0x0000000004d3faec:   01 00 00 00 00 00 00 0f 84 0a 00 00 00 48 ba f8
0x0000000004d3fafc:   01 00 00 00 00 00 00 49 8b 34 10 48 8d 76 01 49
0x0000000004d3fb0c:   89 34 10 8b 74 24 20 0f 85 44 01 00 00 ff c6 49
0x0000000004d3fb1c:   b8 18 61 a3 2b 00 00 00 00 41 8b 90 e0 00 00 00 


Register to memory mapping:

RAX=0x0000000000000000 is an unknown value
RBX=0x0000000776b15e78 is an oop
java.lang.String 
 - klass: 'java/lang/String'
RCX=0x0000000000000002 is an unknown value
RDX=0x000000000000eca9 is an unknown value
RSP=0x000000002bfbd240 is pointing into the stack for thread: 0x0000000025ea6000
RBP=0x00000007c0000f28 is pointing into metadata
RSI=0x0000000000000001 is an unknown value
RDI=0x00000007c00016d0 is pointing into metadata
R8 =0x000000002ba36118 is pointing into metadata
R9 =0x0000000776b18f00 is an oop
[Ljava.util.HashMap$Node; 
 - klass: 'java/util/HashMap$Node'[]
 - length: 32
R10=0x00000000eed62a66 is an unknown value
R11=0x000000000000000b is an unknown value
R12=0x0000000000000000 is an unknown value
R13=0x0000000776b17fe8 is an oop
[Ljava.util.HashMap$Node; 
 - klass: 'java/util/HashMap$Node'[]
 - length: 16
R14=0x0000000000000010 is an unknown value
R15=0x0000000025ea6000 is a thread


Stack: [0x000000002bec0000,0x000000002bfc0000],  sp=0x000000002bfbd240,  free space=1012k
Native frames: (J=compiled Java code, j=interpreted, Vv=VM code, C=native code)
C  0x0000000004d3fb0c


---------------  P R O C E S S  ---------------

Java Threads: ( => current thread )
  0x000000002a3db800 JavaThread "Thread-8" [_thread_in_native, id=10552, stack(0x000000002e7f0000,0x000000002e8f0000)]
  0x000000002a3e1800 JavaThread "task-scheduler-10" [_thread_in_vm, id=14736, stack(0x000000002e8f0000,0x000000002e9f0000)]
  0x000000002a3da800 JavaThread "task-scheduler-9" [_thread_in_vm, id=3092, stack(0x000000002e290000,0x000000002e390000)]
  0x000000002a3e0800 JavaThread "ForkJoinPool.commonPool-worker-7" daemon [_thread_blocked, id=4148, stack(0x000000002fac0000,0x000000002fbc0000)]
  0x000000002a14e800 JavaThread "ForkJoinPool.commonPool-worker-3" daemon [_thread_blocked, id=12456, stack(0x000000002f9c0000,0x000000002fac0000)]
  0x000000002a14d800 JavaThread "ForkJoinPool.commonPool-worker-12" daemon [_thread_blocked, id=364, stack(0x000000002f8c0000,0x000000002f9c0000)]
  0x000000002a14d000 JavaThread "ForkJoinPool.commonPool-worker-5" daemon [_thread_blocked, id=6296, stack(0x000000002f7c0000,0x000000002f8c0000)]
  0x000000002a150800 JavaThread "ForkJoinPool.commonPool-worker-14" daemon [_thread_blocked, id=5648, stack(0x000000002f6c0000,0x000000002f7c0000)]
  0x000000002a150000 JavaThread "ForkJoinPool.commonPool-worker-8" daemon [_thread_blocked, id=10992, stack(0x000000002f5c0000,0x000000002f6c0000)]
  0x000000002a152000 JavaThread "ForkJoinPool.commonPool-worker-1" daemon [_thread_blocked, id=13208, stack(0x000000002f4c0000,0x000000002f5c0000)]
  0x000000002a153800 JavaThread "ForkJoinPool.commonPool-worker-10" daemon [_thread_blocked, id=5396, stack(0x000000002f3c0000,0x000000002f4c0000)]
  0x000000002a14f000 JavaThread "ForkJoinPool.commonPool-worker-6" daemon [_thread_blocked, id=888, stack(0x000000002f2c0000,0x000000002f3c0000)]
  0x000000002a151800 JavaThread "ForkJoinPool.commonPool-worker-15" daemon [_thread_blocked, id=1880, stack(0x000000002f1c0000,0x000000002f2c0000)]
  0x000000002a153000 JavaThread "ForkJoinPool.commonPool-worker-13" daemon [_thread_blocked, id=6904, stack(0x000000002f0c0000,0x000000002f1c0000)]
  0x0000000025eb3800 JavaThread "ForkJoinPool.commonPool-worker-4" daemon [_thread_blocked, id=11816, stack(0x000000002efc0000,0x000000002f0c0000)]
  0x00000000265f2000 JavaThread "ForkJoinPool.commonPool-worker-11" daemon [_thread_blocked, id=2756, stack(0x000000002eec0000,0x000000002efc0000)]
  0x00000000265f3000 JavaThread "ForkJoinPool.commonPool-worker-2" daemon [_thread_blocked, id=13512, stack(0x000000002edc0000,0x000000002eec0000)]
  0x00000000265ed000 JavaThread "ForkJoinPool.commonPool-worker-9" daemon [_thread_blocked, id=12740, stack(0x000000002ecc0000,0x000000002edc0000)]
  0x00000000265ef000 JavaThread "Thread-4" daemon [_thread_blocked, id=12952, stack(0x000000002e6f0000,0x000000002e7f0000)]
  0x00000000265f0000 JavaThread "MQTT Ping: client1" [_thread_blocked, id=9964, stack(0x000000002e090000,0x000000002e190000)]
  0x00000000265f1800 JavaThread "MQTT Call: client1" [_thread_blocked, id=7800, stack(0x000000002e5f0000,0x000000002e6f0000)]
  0x00000000265ed800 JavaThread "MQTT Snd: client1" [_thread_blocked, id=4468, stack(0x000000002e4f0000,0x000000002e5f0000)]
  0x00000000265ee800 JavaThread "MQTT Rec: client1" [_thread_in_native, id=12184, stack(0x000000002e3f0000,0x000000002e4f0000)]
  0x0000000025eb2000 JavaThread "XNIO-2 Accept" [_thread_in_native, id=4596, stack(0x000000002cfc0000,0x000000002d0c0000)]
  0x0000000025eb1000 JavaThread "XNIO-2 I/O-16" [_thread_in_native, id=13860, stack(0x000000002cec0000,0x000000002cfc0000)]
  0x0000000025eaf800 JavaThread "XNIO-2 I/O-15" [_thread_in_native, id=3008, stack(0x000000002cdc0000,0x000000002cec0000)]
  0x0000000025eb0800 JavaThread "XNIO-2 I/O-14" [_thread_in_native, id=6636, stack(0x000000002ccc0000,0x000000002cdc0000)]
  0x0000000025eb2800 JavaThread "XNIO-2 I/O-13" [_thread_in_native, id=13044, stack(0x000000002cbc0000,0x000000002ccc0000)]
  0x0000000025ea9000 JavaThread "XNIO-2 I/O-12" [_thread_in_native, id=11972, stack(0x000000002cac0000,0x000000002cbc0000)]
  0x0000000025eae000 JavaThread "XNIO-2 I/O-11" [_thread_in_native, id=4216, stack(0x000000002c9c0000,0x000000002cac0000)]
  0x0000000025ead800 JavaThread "XNIO-2 I/O-10" [_thread_in_native, id=7376, stack(0x000000002c8c0000,0x000000002c9c0000)]
  0x0000000025ea8000 JavaThread "XNIO-2 I/O-9" [_thread_in_native, id=12012, stack(0x000000002c7c0000,0x000000002c8c0000)]
  0x0000000025eac800 JavaThread "XNIO-2 I/O-8" [_thread_in_native, id=7960, stack(0x000000002c6c0000,0x000000002c7c0000)]
  0x0000000025eac000 JavaThread "XNIO-2 I/O-7" [_thread_in_native, id=1888, stack(0x000000002c5c0000,0x000000002c6c0000)]
  0x0000000025eaf000 JavaThread "XNIO-2 I/O-6" [_thread_in_native, id=11512, stack(0x000000002c4c0000,0x000000002c5c0000)]
  0x0000000025ea4800 JavaThread "XNIO-2 I/O-5" [_thread_in_native, id=11800, stack(0x000000002c3c0000,0x000000002c4c0000)]
  0x0000000025ea7800 JavaThread "XNIO-2 I/O-4" [_thread_in_native, id=11952, stack(0x000000002c2c0000,0x000000002c3c0000)]
  0x0000000025ea5000 JavaThread "XNIO-2 I/O-3" [_thread_in_native, id=6676, stack(0x000000002c1c0000,0x000000002c2c0000)]
  0x0000000025eaa800 JavaThread "XNIO-2 I/O-2" [_thread_in_native, id=14212, stack(0x000000002c0c0000,0x000000002c1c0000)]
  0x0000000025ea9800 JavaThread "XNIO-2 I/O-1" [_thread_in_native, id=8756, stack(0x000000002bfc0000,0x000000002c0c0000)]
=>0x0000000025ea6000 JavaThread "task-scheduler-8" [_thread_in_Java, id=2232, stack(0x000000002bec0000,0x000000002bfc0000)]
  0x0000000025ea6800 JavaThread "task-scheduler-7" [_thread_blocked, id=10540, stack(0x000000002bdc0000,0x000000002bec0000)]
  0x0000000025eab000 JavaThread "task-scheduler-6" [_thread_blocked, id=11956, stack(0x000000002bcc0000,0x000000002bdc0000)]
  0x0000000022b32000 JavaThread "task-scheduler-5" [_thread_blocked, id=7812, stack(0x000000002bbc0000,0x000000002bcc0000)]
  0x0000000022b39000 JavaThread "task-scheduler-4" [_thread_blocked, id=11552, stack(0x000000002bac0000,0x000000002bbc0000)]
  0x0000000022b36800 JavaThread "task-scheduler-3" [_thread_blocked, id=14940, stack(0x000000002b2c0000,0x000000002b3c0000)]
  0x0000000022b34800 JavaThread "task-scheduler-2" [_thread_blocked, id=9152, stack(0x000000002ada0000,0x000000002aea0000)]
  0x0000000022b38000 JavaThread "task-scheduler-1" [_thread_blocked, id=15112, stack(0x0000000029a20000,0x0000000029b20000)]
  0x00000000260a9000 JavaThread "Druid-ConnectionPool-Destroy-1484119658" daemon [_thread_blocked, id=1672, stack(0x000000002b3c0000,0x000000002b4c0000)]
  0x0000000024ca6800 JavaThread "Druid-ConnectionPool-Create-1484119658" daemon [_thread_in_vm, id=6792, stack(0x0000000029bc0000,0x0000000029cc0000)]
  0x0000000024c2d000 JavaThread "Abandoned connection cleanup thread" daemon [_thread_blocked, id=10168, stack(0x0000000029cd0000,0x0000000029dd0000)]
  0x0000000027af6000 JavaThread "commons-pool-evictor-thread" [_thread_blocked, id=14992, stack(0x0000000028950000,0x0000000028a50000)]
  0x000000002429c800 JavaThread "XNIO-1 Accept" daemon [_thread_in_native, id=6708, stack(0x0000000027660000,0x0000000027760000)]
  0x000000002429b800 JavaThread "XNIO-1 I/O-1" daemon [_thread_in_native, id=2568, stack(0x0000000022f80000,0x0000000023080000)]
  0x0000000022945800 JavaThread "Log4j2-TF-6-Scheduled-2" daemon [_thread_blocked, id=10268, stack(0x0000000024300000,0x0000000024400000)]
  0x000000001ec9f000 JavaThread "Service Thread" daemon [_thread_blocked, id=2704, stack(0x00000000212b0000,0x00000000213b0000)]
  0x000000001ec69000 JavaThread "C1 CompilerThread11" daemon [_thread_blocked, id=14012, stack(0x00000000211b0000,0x00000000212b0000)]
  0x000000001ec50000 JavaThread "C1 CompilerThread10" daemon [_thread_blocked, id=10836, stack(0x00000000210b0000,0x00000000211b0000)]
  0x000000001ec38000 JavaThread "C1 CompilerThread9" daemon [_thread_blocked, id=10876, stack(0x0000000020fb0000,0x00000000210b0000)]
  0x000000001ec25800 JavaThread "C1 CompilerThread8" daemon [_thread_blocked, id=1472, stack(0x0000000020eb0000,0x0000000020fb0000)]
  0x000000001ec03000 JavaThread "C2 CompilerThread7" daemon [_thread_blocked, id=1372, stack(0x0000000020db0000,0x0000000020eb0000)]
  0x000000001ebea000 JavaThread "C2 CompilerThread6" daemon [_thread_in_vm, id=960, stack(0x0000000020cb0000,0x0000000020db0000)]
  0x000000001ebcf800 JavaThread "C2 CompilerThread5" daemon [_thread_blocked, id=9780, stack(0x0000000020bb0000,0x0000000020cb0000)]
  0x000000001ebc2000 JavaThread "C2 CompilerThread4" daemon [_thread_blocked, id=6828, stack(0x0000000020ab0000,0x0000000020bb0000)]
  0x000000001ebc1800 JavaThread "C2 CompilerThread3" daemon [_thread_blocked, id=11740, stack(0x00000000209b0000,0x0000000020ab0000)]
  0x000000001ebbe800 JavaThread "C2 CompilerThread2" daemon [_thread_blocked, id=14800, stack(0x00000000208b0000,0x00000000209b0000)]
  0x000000001ebba800 JavaThread "C2 CompilerThread1" daemon [_thread_blocked, id=1324, stack(0x00000000207b0000,0x00000000208b0000)]
  0x000000001ebb9000 JavaThread "C2 CompilerThread0" daemon [_thread_in_vm, id=3288, stack(0x00000000206b0000,0x00000000207b0000)]
  0x000000001ebb8800 JavaThread "Attach Listener" daemon [_thread_blocked, id=8024, stack(0x00000000205b0000,0x00000000206b0000)]
  0x000000001eb5d800 JavaThread "Signal Dispatcher" daemon [_thread_blocked, id=6740, stack(0x00000000204b0000,0x00000000205b0000)]
  0x000000001d0eb800 JavaThread "Finalizer" daemon [_thread_blocked, id=2164, stack(0x00000000203b0000,0x00000000204b0000)]
  0x000000001d0e1000 JavaThread "Reference Handler" daemon [_thread_blocked, id=13140, stack(0x00000000202b0000,0x00000000203b0000)]
  0x0000000003526800 JavaThread "main" [_thread_in_native, id=1700, stack(0x0000000003420000,0x0000000003520000)]

Other Threads:
  0x000000001eb14800 VMThread [stack: 0x00000000201b0000,0x00000000202b0000] [id=9508]
  0x000000001ec80800 WatcherThread [stack: 0x00000000213b0000,0x00000000214b0000] [id=11996]

VM state:synchronizing (normal execution)

VM Mutex/Monitor currently owned by a thread:  ([mutex/lock_event])
[0x0000000003523a10] Safepoint_lock - owner thread: 0x000000001eb14800
[0x0000000003524310] Threads_lock - owner thread: 0x000000001eb14800

Heap:
 PSYoungGen      total 189440K, used 161165K [0x000000076dc00000, 0x000000077c680000, 0x00000007c0000000)
  eden space 176128K, 83% used [0x000000076dc00000,0x0000000776c64d88,0x0000000778800000)
  from space 13312K, 99% used [0x0000000778800000,0x00000007794fe9b8,0x0000000779500000)
  to   space 15872K, 0% used [0x000000077b700000,0x000000077b700000,0x000000077c680000)
 ParOldGen       total 177664K, used 21020K [0x00000006c9400000, 0x00000006d4180000, 0x000000076dc00000)
  object space 177664K, 11% used [0x00000006c9400000,0x00000006ca8873b0,0x00000006d4180000)
 Metaspace       used 51756K, capacity 52518K, committed 52608K, reserved 1095680K
  class space    used 6118K, capacity 6268K, committed 6272K, reserved 1048576K

Card table byte_map: [0x00000000129e0000,0x00000000131a0000] byte_map_base: 0x000000000f396000

Marking Bits: (ParMarkBitMap*) 0x0000000060623e30
 Begin Bits: [0x00000000143d0000, 0x0000000018180000)
 End Bits:   [0x0000000018180000, 0x000000001bf30000)

Polling page: 0x0000000000de0000

CodeCache: size=245760Kb used=26815Kb max_used=26983Kb free=218945Kb
 bounds [0x0000000003620000, 0x00000000050a0000, 0x0000000012620000]
 total_blobs=6819 nmethods=6231 adapters=497
 compilation: enabled

Compilation events (10 events):
Event: 6.934 Thread 0x000000001ec69000 7130   !   3       sun.reflect.GeneratedConstructorAccessor55::newInstance (53 bytes)
Event: 6.935 Thread 0x000000001ebc2000 nmethod 7121 0x0000000005092d90 code [0x0000000005092ee0, 0x00000000050931b8]
Event: 6.935 Thread 0x000000001ec50000 nmethod 7127 0x0000000005092650 code [0x00000000050927e0, 0x0000000005092bd8]
Event: 6.935 Thread 0x000000001ec50000 7135   !   3       java.io.ObjectStreamClass::readNonProxy (407 bytes)
Event: 6.935 Thread 0x000000001ebea000 7137       4       java.util.WeakHashMap::get (77 bytes)
Event: 6.935 Thread 0x000000001ec69000 nmethod 7130 0x00000000038e9b90 code [0x00000000038e9d80, 0x00000000038ea5c8]
Event: 6.935 Thread 0x000000001ec69000 7136       3       java.io.ObjectInputStream::readLong (8 bytes)
Event: 6.935 Thread 0x000000001ebcf800 7139  s    4       java.util.Hashtable::put (104 bytes)
Event: 6.935 Thread 0x000000001ec69000 nmethod 7136 0x00000000038e7f10 code [0x00000000038e8080, 0x00000000038e8228]
Event: 6.935 Thread 0x000000001ec69000 7133       3       java.util.Calendar::getFieldStrings (134 bytes)

GC Heap History (10 events):
Event: 2.393 GC heap before
{Heap before GC invocations=7 (full 1):
 PSYoungGen      total 134656K, used 123962K [0x000000076dc00000, 0x0000000777500000, 0x00000007c0000000)
  eden space 124416K, 93% used [0x000000076dc00000,0x0000000774d2efc0,0x0000000775580000)
  from space 10240K, 78% used [0x0000000775580000,0x0000000775d5fb40,0x0000000775f80000)
  to   space 10240K, 0% used [0x0000000776b00000,0x0000000776b00000,0x0000000777500000)
 ParOldGen       total 103424K, used 6837K [0x00000006c9400000, 0x00000006cf900000, 0x000000076dc00000)
  object space 103424K, 6% used [0x00000006c9400000,0x00000006c9aad7c0,0x00000006cf900000)
 Metaspace       used 34834K, capacity 35166K, committed 35456K, reserved 1081344K
  class space    used 4356K, capacity 4450K, committed 4480K, reserved 1048576K
Event: 2.400 GC heap after
Heap after GC invocations=7 (full 1):
 PSYoungGen      total 143872K, used 10236K [0x000000076dc00000, 0x000000077a180000, 0x00000007c0000000)
  eden space 133632K, 0% used [0x000000076dc00000,0x000000076dc00000,0x0000000775e80000)
  from space 10240K, 99% used [0x0000000776b00000,0x00000007774ff258,0x0000000777500000)
  to   space 12800K, 0% used [0x0000000775e80000,0x0000000775e80000,0x0000000776b00000)
 ParOldGen       total 103424K, used 9643K [0x00000006c9400000, 0x00000006cf900000, 0x000000076dc00000)
  object space 103424K, 9% used [0x00000006c9400000,0x00000006c9d6ad00,0x00000006cf900000)
 Metaspace       used 34834K, capacity 35166K, committed 35456K, reserved 1081344K
  class space    used 4356K, capacity 4450K, committed 4480K, reserved 1048576K
}
Event: 2.400 GC heap before
{Heap before GC invocations=8 (full 2):
 PSYoungGen      total 143872K, used 10236K [0x000000076dc00000, 0x000000077a180000, 0x00000007c0000000)
  eden space 133632K, 0% used [0x000000076dc00000,0x000000076dc00000,0x0000000775e80000)
  from space 10240K, 99% used [0x0000000776b00000,0x00000007774ff258,0x0000000777500000)
  to   space 12800K, 0% used [0x0000000775e80000,0x0000000775e80000,0x0000000776b00000)
 ParOldGen       total 103424K, used 9643K [0x00000006c9400000, 0x00000006cf900000, 0x000000076dc00000)
  object space 103424K, 9% used [0x00000006c9400000,0x00000006c9d6ad00,0x00000006cf900000)
 Metaspace       used 34834K, capacity 35166K, committed 35456K, reserved 1081344K
  class space    used 4356K, capacity 4450K, committed 4480K, reserved 1048576K
Event: 2.443 GC heap after
Heap after GC invocations=8 (full 2):
 PSYoungGen      total 143872K, used 0K [0x000000076dc00000, 0x000000077a180000, 0x00000007c0000000)
  eden space 133632K, 0% used [0x000000076dc00000,0x000000076dc00000,0x0000000775e80000)
  from space 10240K, 0% used [0x0000000776b00000,0x0000000776b00000,0x0000000777500000)
  to   space 12800K, 0% used [0x0000000775e80000,0x0000000775e80000,0x0000000776b00000)
 ParOldGen       total 177664K, used 17997K [0x00000006c9400000, 0x00000006d4180000, 0x000000076dc00000)
  object space 177664K, 10% used [0x00000006c9400000,0x00000006ca5937c0,0x00000006d4180000)
 Metaspace       used 34834K, capacity 35166K, committed 35456K, reserved 1081344K
  class space    used 4356K, capacity 4450K, committed 4480K, reserved 1048576K
}
Event: 3.127 GC heap before
{Heap before GC invocations=9 (full 2):
 PSYoungGen      total 143872K, used 133632K [0x000000076dc00000, 0x000000077a180000, 0x00000007c0000000)
  eden space 133632K, 100% used [0x000000076dc00000,0x0000000775e80000,0x0000000775e80000)
  from space 10240K, 0% used [0x0000000776b00000,0x0000000776b00000,0x0000000777500000)
  to   space 12800K, 0% used [0x0000000775e80000,0x0000000775e80000,0x0000000776b00000)
 ParOldGen       total 177664K, used 17997K [0x00000006c9400000, 0x00000006d4180000, 0x000000076dc00000)
  object space 177664K, 10% used [0x00000006c9400000,0x00000006ca5937c0,0x00000006d4180000)
 Metaspace       used 42318K, capacity 42726K, committed 43136K, reserved 1087488K
  class space    used 5127K, capacity 5230K, committed 5248K, reserved 1048576K
Event: 3.131 GC heap after
Heap after GC invocations=9 (full 2):
 PSYoungGen      total 146432K, used 8474K [0x000000076dc00000, 0x000000077a100000, 0x00000007c0000000)
  eden space 133632K, 0% used [0x000000076dc00000,0x000000076dc00000,0x0000000775e80000)
  from space 12800K, 66% used [0x0000000775e80000,0x00000007766c6ae8,0x0000000776b00000)
  to   space 12288K, 0% used [0x0000000779500000,0x0000000779500000,0x000000077a100000)
 ParOldGen       total 177664K, used 18005K [0x00000006c9400000, 0x00000006d4180000, 0x000000076dc00000)
  object space 177664K, 10% used [0x00000006c9400000,0x00000006ca5957c0,0x00000006d4180000)
 Metaspace       used 42318K, capacity 42726K, committed 43136K, reserved 1087488K
  class space    used 5127K, capacity 5230K, committed 5248K, reserved 1048576K
}
Event: 3.641 GC heap before
{Heap before GC invocations=10 (full 2):
 PSYoungGen      total 146432K, used 142106K [0x000000076dc00000, 0x000000077a100000, 0x00000007c0000000)
  eden space 133632K, 100% used [0x000000076dc00000,0x0000000775e80000,0x0000000775e80000)
  from space 12800K, 66% used [0x0000000775e80000,0x00000007766c6ae8,0x0000000776b00000)
  to   space 12288K, 0% used [0x0000000779500000,0x0000000779500000,0x000000077a100000)
 ParOldGen       total 177664K, used 18005K [0x00000006c9400000, 0x00000006d4180000, 0x000000076dc00000)
  object space 177664K, 10% used [0x00000006c9400000,0x00000006ca5957c0,0x00000006d4180000)
 Metaspace       used 44577K, capacity 45090K, committed 45568K, reserved 1089536K
  class space    used 5413K, capacity 5544K, committed 5632K, reserved 1048576K
Event: 3.647 GC heap after
Heap after GC invocations=10 (full 2):
 PSYoungGen      total 188416K, used 11909K [0x000000076dc00000, 0x000000077a300000, 0x00000007c0000000)
  eden space 176128K, 0% used [0x000000076dc00000,0x000000076dc00000,0x0000000778800000)
  from space 12288K, 96% used [0x0000000779500000,0x000000077a0a14e8,0x000000077a100000)
  to   space 13312K, 0% used [0x0000000778800000,0x0000000778800000,0x0000000779500000)
 ParOldGen       total 177664K, used 18013K [0x00000006c9400000, 0x00000006d4180000, 0x000000076dc00000)
  object space 177664K, 10% used [0x00000006c9400000,0x00000006ca5977c0,0x00000006d4180000)
 Metaspace       used 44577K, capacity 45090K, committed 45568K, reserved 1089536K
  class space    used 5413K, capacity 5544K, committed 5632K, reserved 1048576K
}
Event: 4.657 GC heap before
{Heap before GC invocations=11 (full 2):
 PSYoungGen      total 188416K, used 188037K [0x000000076dc00000, 0x000000077a300000, 0x00000007c0000000)
  eden space 176128K, 100% used [0x000000076dc00000,0x0000000778800000,0x0000000778800000)
  from space 12288K, 96% used [0x0000000779500000,0x000000077a0a14e8,0x000000077a100000)
  to   space 13312K, 0% used [0x0000000778800000,0x0000000778800000,0x0000000779500000)
 ParOldGen       total 177664K, used 18013K [0x00000006c9400000, 0x00000006d4180000, 0x000000076dc00000)
  object space 177664K, 10% used [0x00000006c9400000,0x00000006ca5977c0,0x00000006d4180000)
 Metaspace       used 50774K, capacity 51450K, committed 51840K, reserved 1095680K
  class space    used 6091K, capacity 6230K, committed 6272K, reserved 1048576K
Event: 4.665 GC heap after
Heap after GC invocations=11 (full 2):
 PSYoungGen      total 189440K, used 13306K [0x000000076dc00000, 0x000000077c680000, 0x00000007c0000000)
  eden space 176128K, 0% used [0x000000076dc00000,0x000000076dc00000,0x0000000778800000)
  from space 13312K, 99% used [0x0000000778800000,0x00000007794fe9b8,0x0000000779500000)
  to   space 15872K, 0% used [0x000000077b700000,0x000000077b700000,0x000000077c680000)
 ParOldGen       total 177664K, used 21020K [0x00000006c9400000, 0x00000006d4180000, 0x000000076dc00000)
  object space 177664K, 11% used [0x00000006c9400000,0x00000006ca8873b0,0x00000006d4180000)
 Metaspace       used 50774K, capacity 51450K, committed 51840K, reserved 1095680K
  class space    used 6091K, capacity 6230K, committed 6272K, reserved 1048576K
}

Deoptimization events (10 events):
Event: 4.937 Thread 0x0000000024ca6800 Uncommon trap: reason=unstable_if action=reinterpret pc=0x0000000004dd4958 method=com.mysql.jdbc.ConnectionImpl.getCharsetConverter(Ljava/lang/String;)Lcom/mysql/jdbc/SingleByteCharsetConverter; @ 41
Event: 4.937 Thread 0x0000000024ca6800 Uncommon trap: reason=unstable_if action=reinterpret pc=0x0000000004dc7254 method=com.mysql.jdbc.ConnectionImpl.getCharsetConverter(Ljava/lang/String;)Lcom/mysql/jdbc/SingleByteCharsetConverter; @ 41
Event: 4.937 Thread 0x0000000024ca6800 Uncommon trap: reason=unstable_if action=reinterpret pc=0x0000000004bfef38 method=sun.nio.cs.UTF_8$Decoder.decodeArrayLoop(Ljava/nio/ByteBuffer;Ljava/nio/CharBuffer;)Ljava/nio/charset/CoderResult; @ 167
Event: 4.938 Thread 0x0000000022b38000 Uncommon trap: reason=unstable_if action=reinterpret pc=0x0000000004595f88 method=sun.reflect.misc.ReflectUtil.isNonPublicProxyClass(Ljava/lang/Class;)Z @ 14
Event: 4.940 Thread 0x0000000022b32000 Uncommon trap: reason=unstable_if action=reinterpret pc=0x0000000004c5d44c method=com.mysql.jdbc.util.ReadAheadInputStream.read()I @ 12
Event: 4.975 Thread 0x00000000265f1800 Uncommon trap: reason=unstable_if action=reinterpret pc=0x000000000430df1c method=com.mysql.jdbc.Field.isBlob()Z @ 7
Event: 5.154 Thread 0x000000002a3db800 Uncommon trap: reason=null_check action=make_not_entrant pc=0x0000000003e36150 method=org.apache.ibatis.reflection.factory.DefaultObjectFactory.isCollection(Ljava/lang/Class;)Z @ 3
Event: 5.154 Thread 0x000000002a3db800 Uncommon trap: reason=predicate action=maybe_recompile pc=0x00000000039c3dc4 method=java.util.AbstractCollection.addAll(Ljava/util/Collection;)Z @ 18
Event: 5.155 Thread 0x000000002a3db800 Uncommon trap: reason=unstable_if action=reinterpret pc=0x0000000003cc40fc method=java.lang.CharacterDataLatin1.isWhitespace(I)Z @ 14
Event: 5.155 Thread 0x000000002a3db800 Uncommon trap: reason=unstable_if action=reinterpret pc=0x0000000003a86cbc method=java.lang.CharacterDataLatin1.isWhitespace(I)Z @ 14

Classes redefined (0 events):
No events

Internal exceptions (10 events):
Event: 3.946 Thread 0x0000000003526800 Exception <a 'java/lang/ClassNotFoundException': org/springframework/beans/factory/BeanClassLoaderAwareCustomizer> (0x0000000773ac6600) thrown at [C:\re\workspace\8-2-build-windows-amd64-cygwin\jdk8u191\11896\hotspot\src\share\vm\classfile\systemDictionar
Event: 3.946 Thread 0x0000000003526800 Exception <a 'java/lang/ClassNotFoundException': org/springframework/beans/factory/InitializingBeanCustomizer> (0x0000000773ae5998) thrown at [C:\re\workspace\8-2-build-windows-amd64-cygwin\jdk8u191\11896\hotspot\src\share\vm\classfile\systemDictionary.cp
Event: 3.946 Thread 0x0000000003526800 Exception <a 'java/lang/ClassNotFoundException': org/springframework/context/SmartLifecycleCustomizer> (0x0000000773b01570) thrown at [C:\re\workspace\8-2-build-windows-amd64-cygwin\jdk8u191\11896\hotspot\src\share\vm\classfile\systemDictionary.cpp, line 
Event: 3.949 Thread 0x0000000003526800 Exception <a 'java/lang/ClassNotFoundException': java/lang/ObjectCustomizer> (0x0000000773b7ce38) thrown at [C:\re\workspace\8-2-build-windows-amd64-cygwin\jdk8u191\11896\hotspot\src\share\vm\classfile\systemDictionary.cpp, line 210]
Event: 3.949 Thread 0x0000000003526800 Exception <a 'java/lang/ClassNotFoundException': org/springframework/integration/config/IdGeneratorConfigurerCustomizer> (0x0000000773ba2298) thrown at [C:\re\workspace\8-2-build-windows-amd64-cygwin\jdk8u191\11896\hotspot\src\share\vm\classfile\systemDic
Event: 3.950 Thread 0x0000000003526800 Exception <a 'java/lang/ClassNotFoundException': org/springframework/context/ApplicationListenerCustomizer> (0x0000000773bc3fa0) thrown at [C:\re\workspace\8-2-build-windows-amd64-cygwin\jdk8u191\11896\hotspot\src\share\vm\classfile\systemDictionary.cpp, 
Event: 4.125 Thread 0x0000000003526800 Implicit null exception at 0x0000000004936aaf to 0x0000000004936b89
Event: 4.494 Thread 0x00000000265f1800 Implicit null exception at 0x0000000003b5d9fb to 0x0000000003b5e959
Event: 4.935 Thread 0x0000000024ca6800 Implicit null exception at 0x0000000004d4fa5d to 0x0000000004d4ff2e
Event: 4.937 Thread 0x0000000024ca6800 Implicit null exception at 0x0000000004dd277a to 0x0000000004dd4949

Events (10 events):
Event: 6.935 Thread 0x000000001ebc2000 flushing nmethod 0x00000000038dd750
Event: 6.935 Thread 0x000000001ebc2000 flushing nmethod 0x00000000038e8050
Event: 6.935 Thread 0x000000001ebc2000 flushing nmethod 0x00000000038e8590
Event: 6.935 Thread 0x000000001ebc2000 flushing nmethod 0x0000000003903250
Event: 6.935 Thread 0x000000001ebc2000 flushing nmethod 0x0000000003917c90
Event: 6.935 Thread 0x000000001ebc2000 flushing nmethod 0x00000000039568d0
Event: 6.935 Thread 0x000000001ebc2000 flushing nmethod 0x0000000003958310
Event: 6.935 Thread 0x000000001ebc2000 flushing nmethod 0x00000000039b2f50
Event: 6.936 Executing VM operation: RevokeBias
Event: 6.936 Executing VM operation: RevokeBias done


Dynamic libraries:
0x00007ff7f2cc0000 - 0x00007ff7f2cf7000 	D:\tools\jdk\jdk1.8\bin\javaw.exe
0x00007fff412e0000 - 0x00007fff414d0000 	C:\Windows\SYSTEM32\ntdll.dll
0x00007fff3ffe0000 - 0x00007fff40092000 	C:\Windows\System32\KERNEL32.DLL
0x00007fff3ef20000 - 0x00007fff3f1c5000 	C:\Windows\System32\KERNELBASE.dll
0x00007fff3f3f0000 - 0x00007fff3f493000 	C:\Windows\System32\ADVAPI32.dll
0x00007fff3f4a0000 - 0x00007fff3f53e000 	C:\Windows\System32\msvcrt.dll
0x00007fff3ff40000 - 0x00007fff3ffd7000 	C:\Windows\System32\sechost.dll
0x00007fff41100000 - 0x00007fff4121f000 	C:\Windows\System32\RPCRT4.dll
0x00007fff40170000 - 0x00007fff40304000 	C:\Windows\System32\USER32.dll
0x00007fff3e620000 - 0x00007fff3e641000 	C:\Windows\System32\win32u.dll
0x00007fff3f540000 - 0x00007fff3f566000 	C:\Windows\System32\GDI32.dll
0x00007fff3e460000 - 0x00007fff3e5f8000 	C:\Windows\System32\gdi32full.dll
0x00007fff3f2f0000 - 0x00007fff3f38e000 	C:\Windows\System32\msvcp_win.dll
0x00007fff3ee20000 - 0x00007fff3ef1a000 	C:\Windows\System32\ucrtbase.dll
0x00007fff2d980000 - 0x00007fff2dc04000 	C:\Windows\WinSxS\amd64_microsoft.windows.common-controls_6595b64144ccf1df_6.0.18362.1379_none_9e7ff3b3e45cc0c4\COMCTL32.dll
0x00007fff3fc00000 - 0x00007fff3ff37000 	C:\Windows\System32\combase.dll
0x00007fff3f1d0000 - 0x00007fff3f251000 	C:\Windows\System32\bcryptPrimitives.dll
0x00007fff40e30000 - 0x00007fff40e5e000 	C:\Windows\System32\IMM32.DLL
0x000000005fb30000 - 0x000000005fc02000 	D:\tools\jdk\jdk1.8\jre\bin\msvcr100.dll
0x000000005fe00000 - 0x00000000606a4000 	D:\tools\jdk\jdk1.8\jre\bin\server\jvm.dll
0x00007fff40cf0000 - 0x00007fff40cf8000 	C:\Windows\System32\PSAPI.DLL
0x00007fff3be00000 - 0x00007fff3be24000 	C:\Windows\SYSTEM32\WINMM.dll
0x00007fff35710000 - 0x00007fff3571a000 	C:\Windows\SYSTEM32\VERSION.dll
0x00007fff39d20000 - 0x00007fff39d29000 	C:\Windows\SYSTEM32\WSOCK32.dll
0x00007fff40320000 - 0x00007fff4038f000 	C:\Windows\System32\WS2_32.dll
0x00007fff3b980000 - 0x00007fff3b9ad000 	C:\Windows\SYSTEM32\winmmbase.dll
0x00007fff3e650000 - 0x00007fff3e69a000 	C:\Windows\System32\cfgmgr32.dll
0x000000005fd10000 - 0x000000005fd1f000 	D:\tools\jdk\jdk1.8\jre\bin\verify.dll
0x000000005fce0000 - 0x000000005fd09000 	D:\tools\jdk\jdk1.8\jre\bin\java.dll
0x000000005fc90000 - 0x000000005fca6000 	D:\tools\jdk\jdk1.8\jre\bin\zip.dll
0x00007fff40390000 - 0x00007fff40a78000 	C:\Windows\System32\SHELL32.dll
0x00007fff40c40000 - 0x00007fff40ce7000 	C:\Windows\System32\shcore.dll
0x00007fff3e6a0000 - 0x00007fff3ee1b000 	C:\Windows\System32\windows.storage.dll
0x00007fff3e230000 - 0x00007fff3e253000 	C:\Windows\System32\profapi.dll
0x00007fff3e1a0000 - 0x00007fff3e1ea000 	C:\Windows\System32\powrprof.dll
0x00007fff3e190000 - 0x00007fff3e1a0000 	C:\Windows\System32\UMPDC.dll
0x00007fff3f390000 - 0x00007fff3f3e2000 	C:\Windows\System32\shlwapi.dll
0x00007fff3e210000 - 0x00007fff3e221000 	C:\Windows\System32\kernel.appcore.dll
0x00007fff3e600000 - 0x00007fff3e617000 	C:\Windows\System32\cryptsp.dll
0x000000005fb20000 - 0x000000005fb2d000 	D:\tools\jdk\jdk1.8\jre\bin\management.dll
0x000000005fc70000 - 0x000000005fc8a000 	D:\tools\jdk\jdk1.8\jre\bin\net.dll
0x00007fff3d970000 - 0x00007fff3d9d7000 	C:\Windows\system32\mswsock.dll
0x00007fff2c7e0000 - 0x00007fff2c7f6000 	C:\Windows\system32\napinsp.dll
0x00007fff2c7c0000 - 0x00007fff2c7da000 	C:\Windows\system32\pnrpnsp.dll
0x00007fff3d6c0000 - 0x00007fff3d78b000 	C:\Windows\SYSTEM32\DNSAPI.dll
0x00007fff40310000 - 0x00007fff40318000 	C:\Windows\System32\NSI.dll
0x00007fff3d680000 - 0x00007fff3d6ba000 	C:\Windows\SYSTEM32\IPHLPAPI.DLL
0x00007fff2c7b0000 - 0x00007fff2c7be000 	C:\Windows\System32\winrnr.dll
0x00007fff3a820000 - 0x00007fff3a83c000 	C:\Windows\system32\NLAapi.dll
0x00007fff2b2f0000 - 0x00007fff2b305000 	C:\Windows\system32\wshbth.dll
0x00007fff33b70000 - 0x00007fff33b7a000 	C:\Windows\System32\rasadhlp.dll
0x00007fff36180000 - 0x00007fff361f7000 	C:\Windows\System32\fwpuclnt.dll
0x00007fff3f2c0000 - 0x00007fff3f2e6000 	C:\Windows\System32\bcrypt.dll
0x000000005fc50000 - 0x000000005fc61000 	D:\tools\jdk\jdk1.8\jre\bin\nio.dll
0x00007fff3d4f0000 - 0x00007fff3d523000 	C:\Windows\system32\rsaenh.dll
0x00007fff3e0b0000 - 0x00007fff3e0d5000 	C:\Windows\SYSTEM32\USERENV.dll
0x00007fff3db40000 - 0x00007fff3db4c000 	C:\Windows\SYSTEM32\CRYPTBASE.dll
0x00007fff36930000 - 0x00007fff36946000 	C:\Windows\SYSTEM32\dhcpcsvc6.DLL
0x00007fff36840000 - 0x00007fff3685c000 	C:\Windows\SYSTEM32\dhcpcsvc.DLL
0x00007fff3cb50000 - 0x00007fff3cd44000 	C:\Windows\SYSTEM32\dbghelp.dll

VM Arguments:
jvm_args: -Dfile.encoding=UTF-8 
java_command: com.example.demo.StartUpApplication
java_class_path (initial): D:\tools\jdk\jdk1.8\jre\lib\resources.jar;D:\tools\jdk\jdk1.8\jre\lib\rt.jar;D:\tools\jdk\jdk1.8\jre\lib\jsse.jar;D:\tools\jdk\jdk1.8\jre\lib\jce.jar;D:\tools\jdk\jdk1.8\jre\lib\charsets.jar;D:\tools\jdk\jdk1.8\jre\lib\jfr.jar;D:\tools\jdk\jdk1.8\jre\lib\ext\access-bridge-64.jar;D:\tools\jdk\jdk1.8\jre\lib\ext\cldrdata.jar;D:\tools\jdk\jdk1.8\jre\lib\ext\dnsns.jar;D:\tools\jdk\jdk1.8\jre\lib\ext\jaccess.jar;D:\tools\jdk\jdk1.8\jre\lib\ext\jfxrt.jar;D:\tools\jdk\jdk1.8\jre\lib\ext\localedata.jar;D:\tools\jdk\jdk1.8\jre\lib\ext\nashorn.jar;D:\tools\jdk\jdk1.8\jre\lib\ext\sunec.jar;D:\tools\jdk\jdk1.8\jre\lib\ext\sunjce_provider.jar;D:\tools\jdk\jdk1.8\jre\lib\ext\sunmscapi.jar;D:\tools\jdk\jdk1.8\jre\lib\ext\sunpkcs11.jar;D:\tools\jdk\jdk1.8\jre\lib\ext\zipfs.jar;D:\huaxi\springbootdemo02\target\classes;D:\softTools\eclipse\eclipse\plugins\org.junit_4.12.0.v201504281640\junit.jar;D:\softTools\eclipse\eclipse\plugins\org.hamcrest.core_1.3.0.v20180420-1519.jar;D:\repository\repository\org\springframework\boot\spring-boot-starter\1.5.10.RELEASE\spring-boot-starter-1.5.10.RELEASE.jar;D:\repository\repository\org\springframework\boot\spring-boot\1.5.10.RELEASE\spring-boot-1.5.10.RELEASE.jar;D:\repository\repository\org\springframework\spring-context\4.3.14.RELEASE\spring-context-4.3.14.RELEASE.jar;D:\repository\repository\org\springframework\boot\spring-boot-autoconfigure\1.5.10.RELEASE\spring-boot-autoconfigure-1.5.10.RELEASE.jar;D:\repository\repository\org\springframework\spring-core\4.3.14.RELEASE\spring-core-4.3.14.RELEASE.jar;D:\repository\repository\org\yaml\snakeyaml\1.17\snakeyaml-1.17.jar;D:\repository\repository\org\springframework\boot\spring-boot-starter-web\1.5.10.RELEASE\spring-boot-starter-web-1.5.10.RELEASE.jar;D:\repository\repository\org\hibernate\hibernate-validator\5.3.6.Final\hibernate-validator-5.3.6.Final.jar;D:\repository\repository\org\jboss\logging\jboss-logging\3.3.1.Final\jboss-logging-3.3.1.Final.jar;D:\repository\
Launcher Type: SUN_STANDARD

Environment Variables:
JAVA_HOME=D:\tools\jdk\jdk1.8
CLASSPATH=.;D:\tools\jdk\jdk1.8\lib\dt.jar;D:\tools\jdk\jdk1.8\lib\tools.jar;
PATH=D:/tools/jdk/jdk1.8/jre/bin/server;D:/tools/jdk/jdk1.8/jre/bin;D:/tools/jdk/jdk1.8/jre/lib/amd64;D:\python\Scripts\;D:\python\;C:\Windows\system32;C:\Windows;C:\Windows\System32\Wbem;C:\Windows\System32\WindowsPowerShell\v1.0\;C:\Windows\System32\OpenSSH\;D:\tools\jdk\jdk1.8\jre\bin;D:\tools\jdk\jdk1.8\bin;D:\tools\maven\apache-maven-3.2.1\bin;D:\tools\nodejs\node-v12.18.2-win-x64;D:\tools\nodejs\node-v12.18.2-win-x64\node-global;D:\tools\mysql-8.0.11-winx64\bin;C:\Users\yanghan\AppData\Local\Microsoft\WindowsApps;%WebStorm%;;D:\softTools\pycharm\PyCharm 2020.1.3\bin;;D:\softTools\eclipse\eclipse;
USERNAME=yanghan
OS=Windows_NT
PROCESSOR_IDENTIFIER=AMD64 Family 23 Model 96 Stepping 1, AuthenticAMD



---------------  S Y S T E M  ---------------

OS: Windows 10.0 , 64 bit Build 18362 (10.0.18362.1350)

CPU:total 16 (initial active 16) (16 cores per cpu, 1 threads per core) family 23 model 96 stepping 1, cmov, cx8, fxsr, mmx, sse, sse2, sse3, ssse3, sse4.1, sse4.2, popcnt, avx, avx2, aes, clmul, mmxext, 3dnowpref, lzcnt, sse4a, tsc, tscinvbit, tscinv, bmi1

Memory: 4k page, physical 16169672k(10450212k free), swap 18660040k(10932416k free)

vm_info: Java HotSpot(TM) 64-Bit Server VM (25.191-b12) for windows-amd64 JRE (1.8.0_191-b12), built on Oct  6 2018 09:29:03 by "java_re" with MS VC++ 10.0 (VS2010)

time: Tue Mar 09 14:01:00 2021
elapsed time: 6 seconds (0d 0h 0m 6s)

